2022-11-13 13:39:47:3947 [35mhttp[39m: [35mGET / 200 27 - 5.538 ms[39m
[35m[39m
2022-11-13 13:39:49:3949 [35mhttp[39m: [35mGET / 304 - - 0.907 ms[39m
[35m[39m
2022-11-13 13:39:51:3951 [35mhttp[39m: [35mGET / 304 - - 0.974 ms[39m
[35m[39m
2022-11-13 13:39:54:3954 [35mhttp[39m: [35mGET / 304 - - 1.045 ms[39m
[35m[39m
2022-11-13 13:39:57:3957 [35mhttp[39m: [35mGET / 200 27 - 1.077 ms[39m
[35m[39m
2022-11-13 13:40:19:4019 [35mhttp[39m: [35mGET / 304 - - 0.917 ms[39m
[35m[39m
2022-11-13 13:40:39:4039 [35mhttp[39m: [35mGET / 304 - - 1.282 ms[39m
[35m[39m
2022-11-13 13:40:43:4043 [35mhttp[39m: [35mGET / 304 - - 3.643 ms[39m
[35m[39m
2022-11-13 13:41:37:4137 [35mhttp[39m: [35mGET / 200 27 - 7.246 ms[39m
[35m[39m
2022-11-13 13:41:44:4144 [35mhttp[39m: [35mGET / 304 - - 1.348 ms[39m
[35m[39m
2022-11-13 13:41:45:4145 [35mhttp[39m: [35mGET / 304 - - 0.989 ms[39m
[35m[39m
2022-11-13 13:41:46:4146 [35mhttp[39m: [35mGET / 304 - - 1.498 ms[39m
[35m[39m
2022-11-13 13:41:47:4147 [35mhttp[39m: [35mGET / 304 - - 0.672 ms[39m
[35m[39m
2022-11-13 13:41:48:4148 [35mhttp[39m: [35mGET / 304 - - 0.542 ms[39m
[35m[39m
2022-11-13 13:41:48:4148 [35mhttp[39m: [35mGET / 304 - - 0.688 ms[39m
[35m[39m
2022-11-13 13:41:49:4149 [35mhttp[39m: [35mGET / 304 - - 0.744 ms[39m
[35m[39m
2022-11-13 13:41:49:4149 [35mhttp[39m: [35mGET / 304 - - 1.034 ms[39m
[35m[39m
2022-11-13 13:41:49:4149 [35mhttp[39m: [35mGET / 304 - - 1.480 ms[39m
[35m[39m
2022-11-13 13:41:49:4149 [35mhttp[39m: [35mGET / 304 - - 0.743 ms[39m
[35m[39m
2022-11-13 13:50:42:5042 [37mdebug[39m: [37mnot found[39m
2022-11-13 13:50:42:5042 [35mhttp[39m: [35mGET / 400 43 - 20.918 ms[39m
[35m[39m
2022-11-13 13:51:10:5110 [37mdebug[39m: [37mnot found[39m
2022-11-13 13:51:10:5110 [35mhttp[39m: [35mGET / 400 43 - 5.082 ms[39m
[35m[39m
2022-11-13 13:51:11:5111 [37mdebug[39m: [37mnot found[39m
2022-11-13 13:51:11:5111 [35mhttp[39m: [35mGET / 400 43 - 3.541 ms[39m
[35m[39m
2022-11-13 13:53:51:5351 [37mdebug[39m: [37mnot found[39m
2022-11-13 13:53:51:5351 [35mhttp[39m: [35mGET / 400 51 - 14.683 ms[39m
[35m[39m
2022-11-13 13:54:20:5420 [37mdebug[39m: [37mnot found[39m
2022-11-13 13:54:20:5420 [35mhttp[39m: [35mGET / 400 43 - 15.011 ms[39m
[35m[39m
2022-11-13 13:55:01:551 [37mdebug[39m: [37mnot found[39m
2022-11-13 13:55:01:551 [35mhttp[39m: [35mGET / 400 43 - 14.472 ms[39m
[35m[39m
2022-11-13 13:55:02:552 [37mdebug[39m: [37mnot found[39m
2022-11-13 13:55:02:552 [35mhttp[39m: [35mGET / 400 43 - 4.371 ms[39m
[35m[39m
2022-11-13 13:55:31:5531 [37mdebug[39m: [37mnot found[39m
2022-11-13 13:55:31:5531 [35mhttp[39m: [35mGET / 400 43 - 8.747 ms[39m
[35m[39m
2022-11-13 13:55:31:5531 [35mhttp[39m: [35mGET /favicon.ico 404 150 - 0.961 ms[39m
[35m[39m
2022-11-13 13:59:25:5925 [37mdebug[39m: [37mnot found[39m
2022-11-13 13:59:25:5925 [35mhttp[39m: [35mGET / 400 56 - 9.704 ms[39m
[35m[39m
2022-11-13 14:00:53:053 [37mdebug[39m: [37mnot found[39m
2022-11-13 14:00:53:053 [35mhttp[39m: [35mGET / 400 66 - 12.900 ms[39m
[35m[39m
2022-11-13 14:01:07:17 [37mdebug[39m: [37mnot found[39m
2022-11-13 14:01:07:17 [35mhttp[39m: [35mGET / 400 66 - 4.196 ms[39m
[35m[39m
2022-11-13 14:02:20:220 [37mdebug[39m: [37mnot found[39m
2022-11-13 14:02:20:220 [35mhttp[39m: [35mGET / 400 56 - 13.104 ms[39m
[35m[39m
2022-11-13 14:02:20:220 [35mhttp[39m: [35mGET /favicon.ico 404 150 - 1.971 ms[39m
[35m[39m
2022-11-13 14:02:59:259 [37mdebug[39m: [37mnot found[39m
2022-11-13 14:02:59:259 [35mhttp[39m: [35mGET / 400 51 - 15.462 ms[39m
[35m[39m
2022-11-13 14:03:42:342 [37mdebug[39m: [37mnot found[39m
2022-11-13 14:03:42:342 [35mhttp[39m: [35mGET / 400 56 - 6.381 ms[39m
[35m[39m
2022-11-13 14:05:27:527 [37mdebug[39m: [37mnot found[39m
2022-11-13 14:05:27:527 [37mdebug[39m: [37m[37mnot found[37m[39m
2022-11-13 14:05:27:527 [35mhttp[39m: [35mGET / 400 76 - 12.359 ms[39m
[35m[39m
2022-11-13 14:05:44:544 [37mdebug[39m: [37mnot found[39m
2022-11-13 14:05:44:544 [37mdebug[39m: [37m[37mnot found[37m[39m
2022-11-13 14:05:44:544 [35mhttp[39m: [35mGET / 400 162 - 5.329 ms[39m
[35m[39m
2022-11-13 14:06:00:60 [37mdebug[39m: [37mnot found[39m
2022-11-13 14:06:00:60 [37mdebug[39m: [37m[37mnot found[37m[39m
2022-11-13 14:06:00:60 [35mhttp[39m: [35mGET / 400 76 - 8.117 ms[39m
[35m[39m
2022-11-13 14:07:03:73 [37mdebug[39m: [37mNOT FOUND.[39m
2022-11-13 14:07:03:73 [37mdebug[39m: [37m[37mNOT FOUND.[37m[39m
2022-11-13 14:07:03:73 [35mhttp[39m: [35mGET / 400 77 - 5.759 ms[39m
[35m[39m
2022-11-13 14:07:14:714 [37mdebug[39m: [37mNOT FOUND.[39m
2022-11-13 14:07:14:714 [37mdebug[39m: [37m[37mNOT FOUND.[37m[39m
2022-11-13 14:07:14:714 [35mhttp[39m: [35mGET / 400 163 - 13.737 ms[39m
[35m[39m
2022-11-13 14:07:33:733 [37mdebug[39m: [37mNOT FOUND.[39m
2022-11-13 14:07:33:733 [37mdebug[39m: [37m[37mNOT FOUND.[37m[39m
2022-11-13 14:07:33:733 [35mhttp[39m: [35mGET / 400 77 - 3.898 ms[39m
[35m[39m
2022-11-13 14:07:51:751 [37mdebug[39m: [37mNOT FOUND.[39m
2022-11-13 14:07:51:751 [37mdebug[39m: [37m[37mNOT FOUND.[37m[39m
2022-11-13 14:07:51:751 [35mhttp[39m: [35mGET / 400 57 - 6.634 ms[39m
[35m[39m
2022-11-13 14:08:05:85 [37mdebug[39m: [37mNOT FOUND.[39m
2022-11-13 14:08:05:85 [37mdebug[39m: [37mstring[39m
2022-11-13 14:08:05:85 [35mhttp[39m: [35mGET / 400 57 - 4.241 ms[39m
[35m[39m
2022-11-13 14:08:06:86 [37mdebug[39m: [37mNOT FOUND.[39m
2022-11-13 14:08:06:86 [37mdebug[39m: [37mstring[39m
2022-11-13 14:08:06:86 [35mhttp[39m: [35mGET / 400 57 - 3.183 ms[39m
[35m[39m
2022-11-13 14:08:42:842 [37mdebug[39m: [37mNOT FOUND.[39m
2022-11-13 14:08:42:842 [37mdebug[39m: [37mstring[39m
2022-11-13 14:08:42:842 [35mhttp[39m: [35mGET / 400 57 - 14.412 ms[39m
[35m[39m
2022-11-13 14:08:43:843 [37mdebug[39m: [37mNOT FOUND.[39m
2022-11-13 14:08:43:843 [37mdebug[39m: [37mstring[39m
2022-11-13 14:08:43:843 [35mhttp[39m: [35mGET / 400 57 - 6.416 ms[39m
[35m[39m
2022-11-13 14:08:52:852 [37mdebug[39m: [37mNOT FOUND.[39m
2022-11-13 14:08:52:852 [37mdebug[39m: [37mstring[39m
2022-11-13 14:08:52:852 [35mhttp[39m: [35mGET / 400 40 - 4.993 ms[39m
[35m[39m
2022-11-13 14:08:58:858 [37mdebug[39m: [37mNOT FOUND.[39m
2022-11-13 14:08:58:858 [37mdebug[39m: [37mstring[39m
2022-11-13 14:08:58:858 [35mhttp[39m: [35mGET / 400 57 - 4.530 ms[39m
[35m[39m
2022-11-13 14:09:55:955 [37mdebug[39m: [37mNOT FOUND.[39m
2022-11-13 14:09:55:955 [37mdebug[39m: [37m[37mNOT FOUND.[37m[39m
2022-11-13 14:09:55:955 [35mhttp[39m: [35mGET / 400 57 - 16.552 ms[39m
[35m[39m
2022-11-13 14:10:57:1057 [37mdebug[39m: [37mNOT FOUND.[39m
2022-11-13 14:10:58:1058 [37mdebug[39m: [37m[39m
2022-11-13 14:10:58:1058 [35mhttp[39m: [35mGET / 400 57 - 14.465 ms[39m
[35m[39m
2022-11-13 14:11:08:118 [37mdebug[39m: [37mNOT FOUND.[39m
2022-11-13 14:11:08:118 [37mdebug[39m: [37m[39m
2022-11-13 14:11:08:118 [35mhttp[39m: [35mGET / 400 57 - 4.242 ms[39m
[35m[39m
2022-11-13 14:11:08:118 [37mdebug[39m: [37mNOT FOUND.[39m
2022-11-13 14:11:08:118 [37mdebug[39m: [37m[39m
2022-11-13 14:11:08:118 [35mhttp[39m: [35mGET / 400 57 - 3.433 ms[39m
[35m[39m
2022-11-13 14:11:09:119 [37mdebug[39m: [37mNOT FOUND.[39m
2022-11-13 14:11:09:119 [37mdebug[39m: [37m[39m
2022-11-13 14:11:09:119 [35mhttp[39m: [35mGET / 400 57 - 5.501 ms[39m
[35m[39m
2022-11-13 14:11:09:119 [37mdebug[39m: [37mNOT FOUND.[39m
2022-11-13 14:11:09:119 [37mdebug[39m: [37m[39m
2022-11-13 14:11:09:119 [35mhttp[39m: [35mGET / 400 57 - 1.850 ms[39m
[35m[39m
2022-11-13 14:11:26:1126 [37mdebug[39m: [37mNOT FOUND.[39m
2022-11-13 14:11:26:1126 [37mdebug[39m: [37m[[39m
2022-11-13 14:11:26:1126 [35mhttp[39m: [35mGET / 400 57 - 11.939 ms[39m
[35m[39m
2022-11-13 14:11:28:1128 [37mdebug[39m: [37mNOT FOUND.[39m
2022-11-13 14:11:28:1128 [37mdebug[39m: [37m[[39m
2022-11-13 14:11:28:1128 [35mhttp[39m: [35mGET / 400 57 - 7.748 ms[39m
[35m[39m
2022-11-13 14:11:47:1147 [37mdebug[39m: [37mNOT FOUND.[39m
2022-11-13 14:11:47:1147 [37mdebug[39m: [37m[[39m
2022-11-13 14:11:48:1148 [37mdebug[39m: [37mNOT FOUND.[39m
2022-11-13 14:11:48:1148 [37mdebug[39m: [37m[[39m
2022-11-13 14:11:48:1148 [37mdebug[39m: [37mNOT FOUND.[39m
2022-11-13 14:11:48:1148 [37mdebug[39m: [37m[[39m
2022-11-13 14:11:56:1156 [37mdebug[39m: [37mNOT FOUND.[39m
2022-11-13 14:11:56:1156 [37mdebug[39m: [37m[[39m
2022-11-13 14:16:22:1622 [37mdebug[39m: [37mNOT FOUND.[39m
2022-11-13 14:16:22:1622 [35mhttp[39m: [35mGET / 500 983 - 14.492 ms[39m
[35m[39m
2022-11-13 14:16:23:1623 [37mdebug[39m: [37mNOT FOUND.[39m
2022-11-13 14:16:23:1623 [35mhttp[39m: [35mGET / 500 983 - 9.402 ms[39m
[35m[39m
2022-11-13 14:16:40:1640 [37mdebug[39m: [37mNOT FOUND.[39m
2022-11-13 14:16:40:1640 [35mhttp[39m: [35mGET / 500 983 - 6.917 ms[39m
[35m[39m
2022-11-13 14:16:41:1641 [37mdebug[39m: [37mNOT FOUND.[39m
2022-11-13 14:16:41:1641 [35mhttp[39m: [35mGET / 500 983 - 4.297 ms[39m
[35m[39m
2022-11-13 14:16:41:1641 [37mdebug[39m: [37mNOT FOUND.[39m
2022-11-13 14:16:41:1641 [35mhttp[39m: [35mGET / 500 983 - 5.962 ms[39m
[35m[39m
2022-11-13 14:16:41:1641 [37mdebug[39m: [37mNOT FOUND.[39m
2022-11-13 14:16:41:1641 [35mhttp[39m: [35mGET / 500 983 - 5.154 ms[39m
[35m[39m
2022-11-13 14:16:42:1642 [37mdebug[39m: [37mNOT FOUND.[39m
2022-11-13 14:16:42:1642 [35mhttp[39m: [35mGET / 500 983 - 0.967 ms[39m
[35m[39m
2022-11-13 14:16:53:1653 [37mdebug[39m: [37mNOT FOUND.[39m
2022-11-13 14:16:53:1653 [35mhttp[39m: [35mGET / 500 983 - 6.734 ms[39m
[35m[39m
2022-11-13 14:16:57:1657 [37mdebug[39m: [37mNOT FOUND.[39m
2022-11-13 14:16:57:1657 [35mhttp[39m: [35mGET / 500 983 - 6.443 ms[39m
[35m[39m
2022-11-13 14:16:57:1657 [37mdebug[39m: [37mNOT FOUND.[39m
2022-11-13 14:16:57:1657 [35mhttp[39m: [35mGET / 500 983 - 1.980 ms[39m
[35m[39m
2022-11-13 14:16:57:1657 [37mdebug[39m: [37mNOT FOUND.[39m
2022-11-13 14:16:57:1657 [35mhttp[39m: [35mGET / 500 983 - 2.683 ms[39m
[35m[39m
2022-11-13 14:16:57:1657 [37mdebug[39m: [37mNOT FOUND.[39m
2022-11-13 14:16:57:1657 [35mhttp[39m: [35mGET / 500 983 - 9.767 ms[39m
[35m[39m
2022-11-13 14:17:01:171 [37mdebug[39m: [37mNOT FOUND.[39m
2022-11-13 14:17:01:171 [35mhttp[39m: [35mGET / 500 983 - 6.969 ms[39m
[35m[39m
2022-11-13 14:19:57:1957 [37mdebug[39m: [37mNOT FOUND.[39m
2022-11-13 14:19:57:1957 [37mdebug[39m: [37m[[39m
2022-11-13 14:19:57:1957 [35mhttp[39m: [35mGET / 400 14 - 13.609 ms[39m
[35m[39m
2022-11-13 14:19:59:1959 [37mdebug[39m: [37mNOT FOUND.[39m
2022-11-13 14:19:59:1959 [37mdebug[39m: [37m[[39m
2022-11-13 14:19:59:1959 [35mhttp[39m: [35mGET / 400 14 - 1.961 ms[39m
[35m[39m
2022-11-13 14:20:04:204 [37mdebug[39m: [37mNOT FOUND.[39m
2022-11-13 14:20:04:204 [37mdebug[39m: [37m[[39m
2022-11-13 14:20:04:204 [35mhttp[39m: [35mGET / 400 57 - 3.908 ms[39m
[35m[39m
2022-11-13 14:20:21:2021 [37mdebug[39m: [37mNOT FOUND.[39m
2022-11-13 14:20:21:2021 [37mdebug[39m: [37m[37mNOT FOUND.[37m[39m
2022-11-13 14:20:21:2021 [35mhttp[39m: [35mGET / 400 57 - 16.904 ms[39m
[35m[39m
2022-11-13 14:20:40:2040 [37mdebug[39m: [37m'NOT FOUND.'[39m
2022-11-13 14:20:40:2040 [37mdebug[39m: [37m[37m'NOT FOUND.'[37m[39m
2022-11-13 14:20:40:2040 [35mhttp[39m: [35mGET / 400 59 - 4.794 ms[39m
[35m[39m
2022-11-13 14:20:41:2041 [37mdebug[39m: [37m'NOT FOUND.'[39m
2022-11-13 14:20:41:2041 [37mdebug[39m: [37m[37m'NOT FOUND.'[37m[39m
2022-11-13 14:20:41:2041 [35mhttp[39m: [35mGET / 400 59 - 4.954 ms[39m
[35m[39m
2022-11-13 14:20:41:2041 [37mdebug[39m: [37m'NOT FOUND.'[39m
2022-11-13 14:20:41:2041 [37mdebug[39m: [37m[37m'NOT FOUND.'[37m[39m
2022-11-13 14:20:41:2041 [35mhttp[39m: [35mGET / 400 59 - 4.701 ms[39m
[35m[39m
2022-11-13 14:21:26:2126 [37mdebug[39m: [37mNOT FOUND.[39m
2022-11-13 14:21:26:2126 [37mdebug[39m: [37m[37mNOT FOUND.[37m[39m
2022-11-13 14:21:26:2126 [35mhttp[39m: [35mGET / 400 1222 - 21.734 ms[39m
[35m[39m
2022-11-13 14:21:45:2145 [37mdebug[39m: [37mNOT FOUND.[39m
2022-11-13 14:21:45:2145 [37mdebug[39m: [37m[37mNOT FOUND.[37m[39m
2022-11-13 14:21:45:2145 [35mhttp[39m: [35mGET / 400 - - 2.826 ms[39m
[35m[39m
2022-11-13 14:22:18:2218 [37mdebug[39m: [37mNOT FOUND.[39m
2022-11-13 14:22:18:2218 [35mhttp[39m: [35mGET / 400 57 - 4.204 ms[39m
[35m[39m
2022-11-13 14:23:00:230 [37mdebug[39m: [37mNOT FOUND.[39m
2022-11-13 14:23:00:230 [35mhttp[39m: [35mGET / 400 38 - 17.175 ms[39m
[35m[39m
2022-11-13 14:23:09:239 [37mdebug[39m: [37mNOT FOUND.[39m
2022-11-13 14:23:09:239 [35mhttp[39m: [35mGET / 400 38 - 5.019 ms[39m
[35m[39m
2022-11-13 14:23:10:2310 [37mdebug[39m: [37mNOT FOUND.[39m
2022-11-13 14:23:10:2310 [35mhttp[39m: [35mGET / 400 38 - 1.966 ms[39m
[35m[39m
2022-11-13 14:23:10:2310 [37mdebug[39m: [37mNOT FOUND.[39m
2022-11-13 14:23:10:2310 [35mhttp[39m: [35mGET / 400 38 - 2.254 ms[39m
[35m[39m
2022-11-13 14:23:33:2333 [37mdebug[39m: [37mNOT FOUND.[39m
2022-11-13 14:23:33:2333 [35mhttp[39m: [35mGET / 400 41 - 12.033 ms[39m
[35m[39m
2022-11-13 14:24:33:2433 [37mdebug[39m: [37mNOT FOUND.[39m
2022-11-13 14:24:33:2433 [35mhttp[39m: [35mGET / 400 29 - 14.055 ms[39m
[35m[39m
2022-11-13 14:24:41:2441 [37mdebug[39m: [37mNOT FOUND.[39m
2022-11-13 14:24:41:2441 [35mhttp[39m: [35mGET / 400 30 - 5.264 ms[39m
[35m[39m
2022-11-13 14:24:47:2447 [37mdebug[39m: [37mNOT FOUND.[39m
2022-11-13 14:24:47:2447 [35mhttp[39m: [35mGET / 400 29 - 4.338 ms[39m
[35m[39m
2022-11-13 14:28:17:2817 [37mdebug[39m: [37mNOT FOUND.[39m
2022-11-13 14:28:17:2817 [35mhttp[39m: [35mGET / 400 142 - 11.046 ms[39m
[35m[39m
2022-11-13 14:28:41:2841 [37mdebug[39m: [37mNOT FOUND.[39m
2022-11-13 14:28:41:2841 [35mhttp[39m: [35mGET / 400 57 - 4.776 ms[39m
[35m[39m
2022-11-13 14:29:05:295 [37mdebug[39m: [37mNOT FOUND.[39m
2022-11-13 14:29:05:295 [35mhttp[39m: [35mGET / 400 37 - 3.874 ms[39m
[35m[39m
2022-11-13 14:29:20:2920 [37mdebug[39m: [37mNOT FOUND.[39m
2022-11-13 14:29:20:2920 [35mhttp[39m: [35mGET / 400 39 - 4.404 ms[39m
[35m[39m
2022-11-13 14:29:32:2932 [37mdebug[39m: [37mNOT FOUND.[39m
2022-11-13 14:29:32:2932 [35mhttp[39m: [35mGET / 400 29 - 3.698 ms[39m
[35m[39m
2022-11-13 14:29:38:2938 [37mdebug[39m: [37mNOT FOUND.[39m
2022-11-13 14:29:38:2938 [35mhttp[39m: [35mGET / 400 57 - 3.529 ms[39m
[35m[39m
2022-11-13 14:30:01:301 [37mdebug[39m: [37mNOT FOUND.[39m
2022-11-13 14:30:15:3015 [37mdebug[39m: [37mNOT FOUND.[39m
2022-11-13 14:32:56:3256 [37mdebug[39m: [37mNOT FOUND.[39m
2022-11-13 14:33:13:3313 [37mdebug[39m: [37mNOT FOUND.[39m
2022-11-13 14:33:13:3313 [37mdebug[39m: [37mNOT FOUND.[39m
2022-11-13 14:33:24:3324 [37mdebug[39m: [37mNOT FOUND.[39m
2022-11-13 14:33:25:3325 [37mdebug[39m: [37mNOT FOUND.[39m
2022-11-13 14:33:25:3325 [37mdebug[39m: [37mNOT FOUND.[39m
2022-11-13 14:33:26:3326 [37mdebug[39m: [37mNOT FOUND.[39m
2022-11-13 14:33:32:3332 [37mdebug[39m: [37mNOT FOUND.[39m
2022-11-13 14:33:32:3332 [37mdebug[39m: [37mNOT FOUND.[39m
2022-11-13 14:33:32:3332 [37mdebug[39m: [37mNOT FOUND.[39m
2022-11-13 14:33:33:3333 [37mdebug[39m: [37mNOT FOUND.[39m
2022-11-13 14:33:33:3333 [37mdebug[39m: [37mNOT FOUND.[39m
2022-11-13 14:33:33:3333 [37mdebug[39m: [37mNOT FOUND.[39m
2022-11-13 14:33:33:3333 [37mdebug[39m: [37mNOT FOUND.[39m
2022-11-13 14:33:33:3333 [37mdebug[39m: [37mNOT FOUND.[39m
2022-11-13 14:33:33:3333 [37mdebug[39m: [37mNOT FOUND.[39m
2022-11-13 14:33:33:3333 [37mdebug[39m: [37mNOT FOUND.[39m
2022-11-13 14:33:34:3334 [37mdebug[39m: [37mNOT FOUND.[39m
2022-11-13 14:33:34:3334 [37mdebug[39m: [37mNOT FOUND.[39m
2022-11-13 14:33:34:3334 [37mdebug[39m: [37mNOT FOUND.[39m
2022-11-13 14:33:34:3334 [37mdebug[39m: [37mNOT FOUND.[39m
2022-11-13 14:33:34:3334 [37mdebug[39m: [37mNOT FOUND.[39m
2022-11-13 14:33:34:3334 [37mdebug[39m: [37mNOT FOUND.[39m
2022-11-13 14:36:19:3619 [37mdebug[39m: [37mNOT FOUND.[39m
2022-11-13 14:36:19:3619 [35mhttp[39m: [35mGET / 400 30 - 16.970 ms[39m
[35m[39m
2022-11-13 14:36:31:3631 [37mdebug[39m: [37mNOT FOUND.[39m
2022-11-13 14:36:31:3631 [35mhttp[39m: [35mGET / 400 57 - 4.286 ms[39m
[35m[39m
2022-11-13 14:38:01:381 [37mdebug[39m: [37mNOT FOUND.[39m
2022-11-13 14:38:01:381 [35mhttp[39m: [35mGET / 400 143 - 17.746 ms[39m
[35m[39m
2022-11-13 14:38:16:3816 [37mdebug[39m: [37mNOT FOUND.[39m
2022-11-13 14:38:16:3816 [35mhttp[39m: [35mGET / 400 57 - 3.772 ms[39m
[35m[39m
2022-11-13 14:38:35:3835 [37mdebug[39m: [37mNOT FOUND.[39m
2022-11-13 14:38:35:3835 [35mhttp[39m: [35mGET / 400 57 - 16.082 ms[39m
[35m[39m
2022-11-13 14:38:37:3837 [37mdebug[39m: [37mNOT FOUND.[39m
2022-11-13 14:38:37:3837 [35mhttp[39m: [35mGET / 400 57 - 2.265 ms[39m
[35m[39m
2022-11-13 14:38:37:3837 [37mdebug[39m: [37mNOT FOUND.[39m
2022-11-13 14:38:37:3837 [35mhttp[39m: [35mGET / 400 57 - 2.329 ms[39m
[35m[39m
2022-11-13 14:38:37:3837 [37mdebug[39m: [37mNOT FOUND.[39m
2022-11-13 14:38:37:3837 [35mhttp[39m: [35mGET / 400 57 - 1.628 ms[39m
[35m[39m
2022-11-13 14:38:37:3837 [37mdebug[39m: [37mNOT FOUND.[39m
2022-11-13 14:38:37:3837 [35mhttp[39m: [35mGET / 400 57 - 0.997 ms[39m
[35m[39m
2022-11-13 14:40:20:4020 [37mdebug[39m: [37mNOT FOUND.[39m
2022-11-13 14:40:20:4020 [35mhttp[39m: [35mGET / 400 67 - 15.587 ms[39m
[35m[39m
2022-11-13 14:40:49:4049 [37mdebug[39m: [37mNOT FOUND.[39m
2022-11-13 14:40:49:4049 [35mhttp[39m: [35mGET / 400 57 - 17.689 ms[39m
[35m[39m
2022-11-13 14:40:50:4050 [37mdebug[39m: [37mNOT FOUND.[39m
2022-11-13 14:40:50:4050 [35mhttp[39m: [35mGET / 400 57 - 1.065 ms[39m
[35m[39m
2022-11-13 14:41:38:4138 [37mdebug[39m: [37mNOT FOUND.[39m
2022-11-13 14:41:38:4138 [35mhttp[39m: [35mGET / 400 57 - 15.015 ms[39m
[35m[39m
2022-11-13 14:41:40:4140 [37mdebug[39m: [37mNOT FOUND.[39m
2022-11-13 14:41:40:4140 [35mhttp[39m: [35mGET / 400 57 - 1.355 ms[39m
[35m[39m
2022-11-13 14:42:45:4245 [35mhttp[39m: [35mGET / 200 27 - 1.553 ms[39m
[35m[39m
2022-11-13 14:42:45:4245 [35mhttp[39m: [35mGET /favicon.ico 404 150 - 1.205 ms[39m
[35m[39m
2022-11-13 14:46:59:4659 [37mdebug[39m: [37mPlease login to view this page.[39m
2022-11-13 14:46:59:4659 [35mhttp[39m: [35mGET / 401 78 - 3.321 ms[39m
[35m[39m
2022-11-13 14:47:31:4731 [37mdebug[39m: [37mPlease login to view this page.[39m
2022-11-13 14:47:31:4731 [35mhttp[39m: [35mGET / 401 78 - 3.914 ms[39m
[35m[39m
2022-11-13 14:47:32:4732 [37mdebug[39m: [37mPlease login to view this page.[39m
2022-11-13 14:47:32:4732 [35mhttp[39m: [35mGET / 401 78 - 2.172 ms[39m
[35m[39m
2022-11-13 14:47:33:4733 [37mdebug[39m: [37mPlease login to view this page.[39m
2022-11-13 14:47:33:4733 [35mhttp[39m: [35mGET / 401 78 - 4.803 ms[39m
[35m[39m
2022-11-13 14:47:40:4740 [37mdebug[39m: [37mPlease login to view this page.[39m
2022-11-13 14:47:40:4740 [35mhttp[39m: [35mGET / 401 78 - 3.827 ms[39m
[35m[39m
2022-11-13 14:47:40:4740 [37mdebug[39m: [37mPlease login to view this page.[39m
2022-11-13 14:47:40:4740 [35mhttp[39m: [35mGET / 401 78 - 2.195 ms[39m
[35m[39m
2022-11-13 14:47:40:4740 [37mdebug[39m: [37mPlease login to view this page.[39m
2022-11-13 14:47:40:4740 [35mhttp[39m: [35mGET / 401 78 - 2.478 ms[39m
[35m[39m
2022-11-13 14:47:41:4741 [37mdebug[39m: [37mPlease login to view this page.[39m
2022-11-13 14:47:41:4741 [35mhttp[39m: [35mGET / 401 78 - 2.755 ms[39m
[35m[39m
2022-11-13 14:48:46:4846 [35mhttp[39m: [35mGET / 200 27 - 7.796 ms[39m
[35m[39m
2022-11-13 14:49:41:4941 [35mhttp[39m: [35mGET / 401 1285 - 5.083 ms[39m
[35m[39m
2022-11-13 14:49:42:4942 [35mhttp[39m: [35mGET / 401 1285 - 4.596 ms[39m
[35m[39m
2022-11-13 14:54:17:5417 [37mdebug[39m: [37mmessage[39m
2022-11-13 14:54:17:5417 [35mhttp[39m: [35mGET / 400 54 - 8.515 ms[39m
[35m[39m
2022-11-13 14:54:19:5419 [37mdebug[39m: [37mmessage[39m
2022-11-13 14:54:19:5419 [35mhttp[39m: [35mGET / 400 54 - 2.222 ms[39m
[35m[39m
2022-11-13 14:54:53:5453 [37mdebug[39m: [37mmessage[39m
2022-11-13 14:54:53:5453 [35mhttp[39m: [35mGET / 400 54 - 3.983 ms[39m
[35m[39m
2022-11-13 14:54:54:5454 [37mdebug[39m: [37mmessage[39m
2022-11-13 14:54:54:5454 [35mhttp[39m: [35mGET / 400 54 - 2.183 ms[39m
[35m[39m
2022-11-13 14:54:54:5454 [37mdebug[39m: [37mmessage[39m
2022-11-13 14:54:54:5454 [35mhttp[39m: [35mGET / 400 54 - 2.077 ms[39m
[35m[39m
2022-11-13 14:54:54:5454 [37mdebug[39m: [37mmessage[39m
2022-11-13 14:54:54:5454 [35mhttp[39m: [35mGET / 400 54 - 2.155 ms[39m
[35m[39m
2022-11-13 14:55:09:559 [37mdebug[39m: [37mmessage[39m
2022-11-13 14:55:09:559 [35mhttp[39m: [35mGET / 400 54 - 4.227 ms[39m
[35m[39m
2022-11-13 14:55:24:5524 [37mdebug[39m: [37mmessage[39m
2022-11-13 14:55:24:5524 [35mhttp[39m: [35mGET / 400 54 - 4.040 ms[39m
[35m[39m
2022-11-13 14:55:25:5525 [37mdebug[39m: [37mmessage[39m
2022-11-13 14:55:25:5525 [35mhttp[39m: [35mGET / 400 54 - 2.902 ms[39m
[35m[39m
2022-11-13 14:55:25:5525 [37mdebug[39m: [37mmessage[39m
2022-11-13 14:55:25:5525 [35mhttp[39m: [35mGET / 400 54 - 0.759 ms[39m
[35m[39m
2022-11-13 14:55:25:5525 [37mdebug[39m: [37mmessage[39m
2022-11-13 14:55:25:5525 [35mhttp[39m: [35mGET / 400 54 - 2.172 ms[39m
[35m[39m
2022-11-13 14:56:05:565 [35mhttp[39m: [35mGET / 200 27 - 6.395 ms[39m
[35m[39m
2022-11-13 14:56:05:565 [35mhttp[39m: [35mGET /favicon.ico 404 150 - 1.258 ms[39m
[35m[39m
2022-11-13 14:56:06:566 [35mhttp[39m: [35mGET / 304 - - 1.557 ms[39m
[35m[39m
2022-11-13 14:57:23:5723 [37mdebug[39m: [37mUnexpected token A in JSON at position 0[39m
2022-11-13 14:57:23:5723 [35mhttp[39m: [35mGET / 500 1081 - 13.712 ms[39m
[35m[39m
2022-11-13 14:59:46:5946 [35mhttp[39m: [35mGET / 500 135 - 5.377 ms[39m
[35m[39m
2022-11-13 15:00:21:021 [35mhttp[39m: [35mGET / 500 94 - 7.879 ms[39m
[35m[39m
2022-11-13 15:00:50:050 [35mhttp[39m: [35mGET / 500 94 - 1.799 ms[39m
[35m[39m
2022-11-13 15:01:10:110 [35mhttp[39m: [35mGET / 401 102 - 1.607 ms[39m
[35m[39m
2022-11-13 15:01:12:112 [35mhttp[39m: [35mGET / 401 102 - 2.888 ms[39m
[35m[39m
2022-11-13 15:02:15:215 [35mhttp[39m: [35mGET / 401 102 - 9.409 ms[39m
[35m[39m
2022-11-13 15:02:43:243 [37mdebug[39m: [37mmessage[39m
2022-11-13 15:02:43:243 [35mhttp[39m: [35mGET / 400 54 - 4.678 ms[39m
[35m[39m
2022-11-13 15:03:24:324 [37mdebug[39m: [37mmessage[39m
2022-11-13 15:03:24:324 [35mhttp[39m: [35mGET / 400 54 - 14.176 ms[39m
[35m[39m
2022-11-13 15:03:25:325 [37mdebug[39m: [37mmessage[39m
2022-11-13 15:03:25:325 [35mhttp[39m: [35mGET / 400 54 - 2.724 ms[39m
[35m[39m
2022-11-13 15:03:44:344 [37mdebug[39m: [37mmessage[39m
2022-11-13 15:03:44:344 [35mhttp[39m: [35mGET / 500 54 - 4.203 ms[39m
[35m[39m
2022-11-13 15:03:51:351 [35mhttp[39m: [35mGET / 500 97 - 1.728 ms[39m
[35m[39m
2022-11-13 15:05:32:532 [37mdebug[39m: [37mmessage[39m
2022-11-13 15:05:32:532 [35mhttp[39m: [35mGET / 400 54 - 12.967 ms[39m
[35m[39m
2022-11-13 15:05:59:559 [35mhttp[39m: [35mGET / 400 34 - 1.446 ms[39m
[35m[39m
2022-11-13 15:06:00:60 [35mhttp[39m: [35mGET / 400 34 - 1.384 ms[39m
[35m[39m
2022-11-13 15:06:43:643 [35mhttp[39m: [35mGET / 500 97 - 1.713 ms[39m
[35m[39m
2022-11-13 15:06:58:658 [37mdebug[39m: [37mmessage[39m
2022-11-13 15:06:58:658 [35mhttp[39m: [35mGET / 500 117 - 4.443 ms[39m
[35m[39m
2022-11-13 15:07:13:713 [37mdebug[39m: [37mfoo[39m
2022-11-13 15:07:13:713 [35mhttp[39m: [35mGET / 500 97 - 4.601 ms[39m
[35m[39m
2022-11-13 15:07:13:713 [37mdebug[39m: [37mfoo[39m
2022-11-13 15:07:13:713 [35mhttp[39m: [35mGET / 500 97 - 4.935 ms[39m
[35m[39m
2022-11-13 15:11:07:117 [37mdebug[39m: [37mfoo[39m
2022-11-13 15:11:07:117 [35mhttp[39m: [35mGET / 500 94 - 15.829 ms[39m
[35m[39m
2022-11-13 15:34:45:3445 [35mhttp[39m: [35mGET / 404 139 - 2.624 ms[39m
[35m[39m
2022-11-13 15:35:10:3510 [35mhttp[39m: [35mPOST / 404 140 - 0.687 ms[39m
[35m[39m
2022-11-13 15:35:17:3517 [35mhttp[39m: [35mPOST /foo 401 - - 0.354 ms[39m
[35m[39m
2022-11-13 15:38:25:3825 [35mhttp[39m: [35mPOST /foo 400 - - 1.573 ms[39m
[35m[39m
2022-11-13 15:39:05:395 [35mhttp[39m: [35mPOST / 400 - - 1.524 ms[39m
[35m[39m
2022-11-13 15:39:32:3932 [35mhttp[39m: [35mPOST / 400 - - 2.515 ms[39m
[35m[39m
2022-11-13 15:39:58:3958 [35mhttp[39m: [35mPOST / 400 - - 0.482 ms[39m
[35m[39m
2022-11-13 15:41:13:4113 [37mdebug[39m: [37mfoo[39m
2022-11-13 15:41:13:4113 [35mhttp[39m: [35mPOST / 200 27 - 13.034 ms[39m
[35m[39m
2022-11-13 15:42:27:4227 [37mdebug[39m: [37mfoo[39m
2022-11-13 15:42:27:4227 [35mhttp[39m: [35mPOST / 200 27 - 7.641 ms[39m
[35m[39m
2022-11-13 15:42:28:4228 [37mdebug[39m: [37mfoo[39m
2022-11-13 15:42:28:4228 [35mhttp[39m: [35mPOST / 200 27 - 0.465 ms[39m
[35m[39m
